2025-04-29 14:25:30,554 - sentiment-analysis-ui - INFO - Starting Sentiment Analysis Streamlit application
2025-04-29 14:25:30,803 - sentiment-analysis-ui - INFO - First run - loading model for this session
2025-04-29 14:25:30,803 - sentiment-analysis-ui - INFO - Attempting to load model sentiment-analysis@champion from MLflow Registry
2025-04-29 14:25:30,803 - sentiment-analysis-ui - INFO - MLflow tracking URI set to: http://localhost:5000
2025-04-29 14:25:30,803 - sentiment-analysis-ui - INFO - Loading model from URI: models:/sentiment-analysis@champion
2025-04-29 14:25:53,439 - sentiment-analysis-ui - INFO - Model loaded successfully
2025-04-29 14:26:10,791 - sentiment-analysis-ui - INFO - Starting Sentiment Analysis Streamlit application
2025-04-29 14:26:10,984 - sentiment-analysis-ui - INFO - Starting Sentiment Analysis Streamlit application
2025-04-29 14:26:10,987 - sentiment-analysis-ui - INFO - Processing text: 'That was a great product!'
2025-04-29 14:26:50,086 - sentiment-analysis-ui - INFO - Starting Sentiment Analysis Streamlit application
2025-04-29 14:26:50,091 - sentiment-analysis-ui - INFO - Processing text: 'That was a great product!'
2025-04-29 14:26:51,135 - sentiment-analysis-ui - INFO - Starting Sentiment Analysis Streamlit application
2025-04-29 14:26:51,137 - sentiment-analysis-ui - INFO - Processing text: 'That was a great product!'
2025-04-29 14:47:26,124 - sentiment-analysis-ui - INFO - Starting Sentiment Analysis Streamlit application
2025-04-29 14:47:26,126 - sentiment-analysis-ui - INFO - Processing text: 'That was a great product!'
2025-04-29 14:49:21,230 - sentiment-analysis-ui - INFO - Starting Sentiment Analysis Streamlit application
2025-04-29 14:49:21,464 - sentiment-analysis-ui - INFO - First run - loading model for this session
2025-04-29 14:49:21,464 - sentiment-analysis-ui - INFO - Attempting to load model sentiment-analysis@champion from MLflow Registry
2025-04-29 14:49:21,464 - sentiment-analysis-ui - INFO - MLflow tracking URI set to: http://localhost:5000
2025-04-29 14:49:21,464 - sentiment-analysis-ui - INFO - Loading model from URI: models:/sentiment-analysis@champion
2025-04-29 14:49:21,515 - sentiment-analysis-ui - WARNING - Failed to load model for session
2025-04-29 14:49:21,515 - sentiment-analysis-ui - WARNING - Application running without a model loaded
2025-04-29 14:54:04,545 - sentiment-analysis-ui - INFO - Starting Sentiment Analysis Streamlit application
2025-04-29 14:54:04,565 - sentiment-analysis-ui - INFO - First run - loading model for this session
2025-04-29 14:54:04,565 - sentiment-analysis-ui - INFO - Attempting to load model sentiment-analysis@champion from MLflow Registry
2025-04-29 14:54:04,640 - sentiment-analysis-ui - WARNING - Failed to load model for session
2025-04-29 14:54:04,640 - sentiment-analysis-ui - WARNING - Application running without a model loaded
2025-04-29 15:01:19,017 - sentiment-analysis-ui - INFO - Starting Sentiment Analysis Streamlit application
2025-04-29 15:01:19,290 - sentiment-analysis-ui - INFO - First run - loading model for this session
2025-04-29 15:01:19,290 - sentiment-analysis-ui - INFO - Attempting to load model sentiment-analysis@champion from MLflow Registry
2025-04-29 15:01:19,290 - sentiment-analysis-ui - INFO - MLflow tracking URI set to: http://localhost:5000
2025-04-29 15:01:19,290 - sentiment-analysis-ui - INFO - Loading model from URI: models:/sentiment-analysis@champion
2025-04-29 15:01:40,635 - sentiment-analysis-ui - INFO - Model loaded successfully
2025-04-29 15:04:51,252 - sentiment-analysis-ui - INFO - Starting Sentiment Analysis Streamlit application
2025-04-29 15:04:51,467 - sentiment-analysis-ui - INFO - Starting Sentiment Analysis Streamlit application
2025-04-29 15:04:51,469 - sentiment-analysis-ui - INFO - Processing text: 'good product'
2025-04-29 15:05:59,807 - sentiment-analysis-ui - INFO - Starting Sentiment Analysis Streamlit application
2025-04-29 15:05:59,814 - sentiment-analysis-ui - INFO - First run - loading model for this session
2025-04-29 15:05:59,815 - sentiment-analysis-ui - INFO - Attempting to load model sentiment-analysis@champion from MLflow Registry
2025-04-29 15:05:59,816 - sentiment-analysis-ui - INFO - MLflow tracking URI set to: http://localhost:5000
2025-04-29 15:06:18,805 - sentiment-analysis-ui - INFO - Starting Sentiment Analysis Streamlit application
2025-04-29 15:06:19,018 - sentiment-analysis-ui - INFO - Starting Sentiment Analysis Streamlit application
2025-04-29 15:06:19,022 - sentiment-analysis-ui - INFO - Processing text: 'good product'
2025-04-29 15:06:35,324 - sentiment-analysis-ui - INFO - Starting Sentiment Analysis Streamlit application
2025-04-29 15:06:35,324 - sentiment-analysis-ui - INFO - Processing text: 'good product'
2025-04-29 15:06:50,117 - sentiment-analysis-ui - INFO - Starting Sentiment Analysis Streamlit application
2025-04-29 15:06:50,334 - sentiment-analysis-ui - INFO - Starting Sentiment Analysis Streamlit application
2025-04-29 15:06:50,334 - sentiment-analysis-ui - INFO - Processing text: '"good product"'
2025-04-29 15:07:04,596 - sentiment-analysis-ui - INFO - Starting Sentiment Analysis Streamlit application
2025-04-29 15:07:04,816 - sentiment-analysis-ui - INFO - Starting Sentiment Analysis Streamlit application
2025-04-29 15:07:04,818 - sentiment-analysis-ui - INFO - Processing text: 'good product'
2025-04-29 15:10:01,138 - sentiment-analysis-ui - INFO - Starting Sentiment Analysis Streamlit application
2025-04-29 15:10:01,146 - sentiment-analysis-ui - INFO - First run - loading model for this session
2025-04-29 15:10:01,148 - sentiment-analysis-ui - INFO - Attempting to load model sentiment-analysis@champion from MLflow Registry
2025-04-29 15:10:01,148 - sentiment-analysis-ui - INFO - MLflow tracking URI set to: http://localhost:5000
2025-04-29 15:10:22,076 - sentiment-analysis-ui - INFO - Starting Sentiment Analysis Streamlit application
2025-04-29 15:10:22,259 - sentiment-analysis-ui - INFO - Starting Sentiment Analysis Streamlit application
2025-04-29 15:10:22,270 - sentiment-analysis-ui - INFO - Processing text: 'good product'
2025-04-29 15:10:22,661 - sentiment-analysis-ui - INFO - Prediction result: LABEL_1 with confidence 0.9905 (took 0.39s)
2025-04-29 15:10:22,675 - sentiment-analysis-ui - INFO - Displayed negative sentiment result to user
2025-04-29 15:10:39,185 - sentiment-analysis-ui - INFO - Starting Sentiment Analysis Streamlit application
2025-04-29 15:10:40,561 - sentiment-analysis-ui - INFO - Starting Sentiment Analysis Streamlit application
2025-04-29 15:10:40,561 - sentiment-analysis-ui - INFO - Processing text: 'bad product'
2025-04-29 15:10:40,599 - sentiment-analysis-ui - INFO - Prediction result: LABEL_0 with confidence 0.9881 (took 0.03s)
2025-04-29 15:10:40,603 - sentiment-analysis-ui - INFO - Displayed negative sentiment result to user
2025-04-29 15:10:52,297 - sentiment-analysis-ui - INFO - Starting Sentiment Analysis Streamlit application
2025-04-29 15:10:52,595 - sentiment-analysis-ui - INFO - Starting Sentiment Analysis Streamlit application
2025-04-29 15:10:52,598 - sentiment-analysis-ui - INFO - Processing text: 'I am happy with what I received.'
2025-04-29 15:10:52,621 - sentiment-analysis-ui - INFO - Prediction result: LABEL_1 with confidence 0.9846 (took 0.02s)
2025-04-29 15:10:52,627 - sentiment-analysis-ui - INFO - Displayed negative sentiment result to user
2025-04-29 15:11:15,205 - sentiment-analysis-ui - INFO - Starting Sentiment Analysis Streamlit application
2025-04-29 15:11:15,407 - sentiment-analysis-ui - INFO - Starting Sentiment Analysis Streamlit application
2025-04-29 15:11:15,420 - sentiment-analysis-ui - INFO - Processing text: 'I liked the product! Very good'
2025-04-29 15:11:15,464 - sentiment-analysis-ui - INFO - Prediction result: LABEL_1 with confidence 0.9939 (took 0.04s)
2025-04-29 15:11:15,472 - sentiment-analysis-ui - INFO - Displayed negative sentiment result to user
2025-04-29 15:12:06,015 - sentiment-analysis-ui - INFO - Starting Sentiment Analysis Streamlit application
2025-04-29 15:12:11,393 - sentiment-analysis-ui - INFO - Starting Sentiment Analysis Streamlit application
2025-04-29 15:12:11,399 - sentiment-analysis-ui - INFO - Processing text: 'I did not like the product'
2025-04-29 15:12:11,423 - sentiment-analysis-ui - INFO - Prediction result: LABEL_0 with confidence 0.9866 (took 0.02s)
2025-04-29 15:12:11,430 - sentiment-analysis-ui - INFO - Displayed negative sentiment result to user
2025-04-29 15:13:25,260 - sentiment-analysis-ui - INFO - Starting Sentiment Analysis Streamlit application
2025-04-29 15:13:25,267 - sentiment-analysis-ui - INFO - First run - loading model for this session
2025-04-29 15:13:25,268 - sentiment-analysis-ui - INFO - Attempting to load model sentiment-analysis@champion from MLflow Registry
2025-04-29 15:13:25,269 - sentiment-analysis-ui - INFO - MLflow tracking URI set to: http://localhost:5000
2025-04-29 15:13:37,727 - sentiment-analysis-ui - INFO - Starting Sentiment Analysis Streamlit application
2025-04-29 15:13:37,942 - sentiment-analysis-ui - INFO - Starting Sentiment Analysis Streamlit application
2025-04-29 15:13:37,947 - sentiment-analysis-ui - INFO - Processing text: 'I liked the product!'
2025-04-29 15:13:38,135 - sentiment-analysis-ui - INFO - Prediction result: LABEL_1 with confidence 0.9893 (took 0.19s)
2025-04-29 15:13:38,137 - sentiment-analysis-ui - INFO - Displayed negative sentiment result to user
2025-04-29 15:14:02,921 - sentiment-analysis-ui - INFO - Starting Sentiment Analysis Streamlit application
2025-04-29 15:14:03,141 - sentiment-analysis-ui - INFO - Starting Sentiment Analysis Streamlit application
2025-04-29 15:14:03,147 - sentiment-analysis-ui - INFO - Processing text: 'I did not like the product!'
2025-04-29 15:14:03,168 - sentiment-analysis-ui - INFO - Prediction result: LABEL_0 with confidence 0.9889 (took 0.02s)
2025-04-29 15:14:03,170 - sentiment-analysis-ui - INFO - Displayed negative sentiment result to user
2025-04-29 15:14:59,967 - sentiment-analysis-ui - INFO - Starting Sentiment Analysis Streamlit application
2025-04-29 15:14:59,977 - sentiment-analysis-ui - INFO - First run - loading model for this session
2025-04-29 15:14:59,977 - sentiment-analysis-ui - INFO - Attempting to load model sentiment-analysis@champion from MLflow Registry
2025-04-29 15:14:59,977 - sentiment-analysis-ui - INFO - MLflow tracking URI set to: http://localhost:5000
2025-04-29 15:15:11,175 - sentiment-analysis-ui - INFO - Starting Sentiment Analysis Streamlit application
2025-04-29 15:15:11,384 - sentiment-analysis-ui - INFO - Starting Sentiment Analysis Streamlit application
2025-04-29 15:15:11,387 - sentiment-analysis-ui - INFO - Processing text: 'Great product!'
2025-04-29 15:15:11,687 - sentiment-analysis-ui - INFO - Prediction result: LABEL_1 with confidence 0.9941 (took 0.30s)
2025-04-29 15:15:11,694 - sentiment-analysis-ui - INFO - Displayed positive sentiment result to user
2025-04-29 15:15:35,949 - sentiment-analysis-ui - INFO - Starting Sentiment Analysis Streamlit application
2025-04-29 15:15:36,113 - sentiment-analysis-ui - INFO - Starting Sentiment Analysis Streamlit application
2025-04-29 15:15:36,117 - sentiment-analysis-ui - INFO - Processing text: 'I am somewhat happy with the product but not entir...'
2025-04-29 15:15:36,147 - sentiment-analysis-ui - INFO - Prediction result: LABEL_0 with confidence 0.9266 (took 0.03s)
2025-04-29 15:15:36,150 - sentiment-analysis-ui - INFO - Displayed negative sentiment result to user
2025-04-29 15:15:53,857 - sentiment-analysis-ui - INFO - Starting Sentiment Analysis Streamlit application
2025-04-29 15:16:25,787 - sentiment-analysis-ui - INFO - Starting Sentiment Analysis Streamlit application
2025-04-29 15:16:26,002 - sentiment-analysis-ui - INFO - Starting Sentiment Analysis Streamlit application
2025-04-29 15:16:26,008 - sentiment-analysis-ui - INFO - Processing text: 'I am waiting for the product'
2025-04-29 15:16:26,031 - sentiment-analysis-ui - INFO - Prediction result: LABEL_0 with confidence 0.9158 (took 0.02s)
2025-04-29 15:16:26,034 - sentiment-analysis-ui - INFO - Displayed negative sentiment result to user
2025-04-29 15:16:38,837 - sentiment-analysis-ui - INFO - Starting Sentiment Analysis Streamlit application
2025-04-29 15:16:39,067 - sentiment-analysis-ui - INFO - Starting Sentiment Analysis Streamlit application
2025-04-29 15:16:39,080 - sentiment-analysis-ui - INFO - Processing text: 'Can be better. cheers!'
2025-04-29 15:16:39,108 - sentiment-analysis-ui - INFO - Prediction result: LABEL_1 with confidence 0.9497 (took 0.02s)
2025-04-29 15:16:39,115 - sentiment-analysis-ui - INFO - Displayed positive sentiment result to user
2025-04-29 15:17:57,797 - sentiment-analysis-ui - INFO - Starting Sentiment Analysis Streamlit application
2025-04-29 15:17:57,972 - sentiment-analysis-ui - INFO - Starting Sentiment Analysis Streamlit application
2025-04-29 15:17:57,977 - sentiment-analysis-ui - INFO - Processing text: 'My husband and I celebrated our anniversary here a...'
2025-04-29 15:17:58,037 - sentiment-analysis-ui - INFO - Prediction result: LABEL_1 with confidence 0.9920 (took 0.05s)
2025-04-29 15:17:58,045 - sentiment-analysis-ui - INFO - Displayed positive sentiment result to user
2025-04-29 15:19:17,731 - sentiment-analysis-ui - INFO - Starting Sentiment Analysis Streamlit application
2025-04-29 15:19:17,977 - sentiment-analysis-ui - INFO - Starting Sentiment Analysis Streamlit application
2025-04-29 15:19:17,977 - sentiment-analysis-ui - INFO - Processing text: '“Your tone in written communication can be too for...'
2025-04-29 15:19:18,002 - sentiment-analysis-ui - INFO - Prediction result: LABEL_0 with confidence 0.9748 (took 0.02s)
2025-04-29 15:19:18,002 - sentiment-analysis-ui - INFO - Displayed negative sentiment result to user
2025-04-29 15:19:23,872 - sentiment-analysis-ui - INFO - Starting Sentiment Analysis Streamlit application
2025-04-29 15:20:15,091 - sentiment-analysis-ui - INFO - Starting Sentiment Analysis Streamlit application
2025-04-29 15:20:15,223 - sentiment-analysis-ui - INFO - Starting Sentiment Analysis Streamlit application
2025-04-29 15:20:15,225 - sentiment-analysis-ui - INFO - Processing text: 'Ordered XXL
RCVD L
ORDER PINK COLOR
RCVD GREY COLO...'
2025-04-29 15:20:15,245 - sentiment-analysis-ui - INFO - Prediction result: LABEL_0 with confidence 0.9678 (took 0.02s)
2025-04-29 15:20:15,247 - sentiment-analysis-ui - INFO - Displayed negative sentiment result to user
2025-04-29 15:20:40,497 - sentiment-analysis-ui - INFO - Starting Sentiment Analysis Streamlit application
2025-04-29 15:20:40,627 - sentiment-analysis-ui - INFO - Starting Sentiment Analysis Streamlit application
2025-04-29 15:20:40,628 - sentiment-analysis-ui - INFO - Processing text: 'Nice product in affordable price. Good for daily w...'
2025-04-29 15:20:40,649 - sentiment-analysis-ui - INFO - Prediction result: LABEL_1 with confidence 0.9927 (took 0.02s)
2025-04-29 15:20:40,651 - sentiment-analysis-ui - INFO - Displayed positive sentiment result to user
2025-04-29 15:20:51,062 - sentiment-analysis-ui - INFO - Starting Sentiment Analysis Streamlit application
2025-04-29 15:20:51,187 - sentiment-analysis-ui - INFO - Starting Sentiment Analysis Streamlit application
2025-04-29 15:20:51,188 - sentiment-analysis-ui - INFO - Processing text: 'Despite slim fit the size is somewhat loose and co...'
2025-04-29 15:20:51,208 - sentiment-analysis-ui - INFO - Prediction result: LABEL_0 with confidence 0.6832 (took 0.02s)
2025-04-29 15:20:51,209 - sentiment-analysis-ui - INFO - Displayed negative sentiment result to user
2025-04-29 23:02:17,875 - sentiment-analysis-ui - INFO - Starting Sentiment Analysis Streamlit application
2025-04-29 23:02:17,886 - sentiment-analysis-ui - INFO - First run - loading model for this session
2025-04-29 23:02:17,886 - sentiment-analysis-ui - INFO - Attempting to load model sentiment-analysis@champion from MLflow Registry
2025-04-29 23:02:17,887 - sentiment-analysis-ui - INFO - MLflow tracking URI set to: http://localhost:5000
2025-04-29 23:02:34,607 - sentiment-analysis-ui - INFO - Starting Sentiment Analysis Streamlit application
2025-04-29 23:02:34,824 - sentiment-analysis-ui - INFO - Starting Sentiment Analysis Streamlit application
2025-04-29 23:02:34,831 - sentiment-analysis-ui - INFO - Processing text: 'Disappointed with the product'
2025-04-29 23:02:35,486 - sentiment-analysis-ui - INFO - Prediction result: LABEL_0 with confidence 0.9810 (took 0.65s)
2025-04-29 23:02:35,491 - sentiment-analysis-ui - INFO - Displayed negative sentiment result to user
2025-04-29 23:02:42,846 - sentiment-analysis-ui - INFO - Starting Sentiment Analysis Streamlit application
2025-04-29 23:02:53,672 - sentiment-analysis-ui - INFO - Starting Sentiment Analysis Streamlit application
2025-04-29 23:02:53,675 - sentiment-analysis-ui - INFO - Processing text: 'Disappointed with the product'
2025-04-29 23:02:53,697 - sentiment-analysis-ui - INFO - Prediction result: LABEL_0 with confidence 0.9810 (took 0.02s)
2025-04-29 23:02:53,702 - sentiment-analysis-ui - INFO - Displayed negative sentiment result to user
2025-04-29 23:03:53,139 - sentiment-analysis-ui - INFO - Starting Sentiment Analysis Streamlit application
2025-04-29 23:03:57,424 - sentiment-analysis-ui - INFO - Starting Sentiment Analysis Streamlit application
2025-04-29 23:03:57,427 - sentiment-analysis-ui - INFO - Processing text: 'good product. satisfied'
2025-04-29 23:03:57,448 - sentiment-analysis-ui - INFO - Prediction result: LABEL_1 with confidence 0.9930 (took 0.02s)
2025-04-29 23:03:57,454 - sentiment-analysis-ui - INFO - Displayed positive sentiment result to user
2025-04-29 23:04:03,023 - sentiment-analysis-ui - INFO - Starting Sentiment Analysis Streamlit application
2025-04-29 23:04:57,188 - sentiment-analysis-ui - INFO - Starting Sentiment Analysis Streamlit application
2025-04-29 23:04:57,403 - sentiment-analysis-ui - INFO - Starting Sentiment Analysis Streamlit application
2025-04-29 23:04:57,406 - sentiment-analysis-ui - INFO - Processing text: 'great'
2025-04-29 23:04:57,433 - sentiment-analysis-ui - INFO - Prediction result: LABEL_1 with confidence 0.9781 (took 0.02s)
2025-04-29 23:04:57,437 - sentiment-analysis-ui - INFO - Displayed positive sentiment result to user
2025-04-29 23:05:01,217 - sentiment-analysis-ui - INFO - Starting Sentiment Analysis Streamlit application
2025-04-29 23:06:59,830 - sentiment-analysis-ui - INFO - Starting Sentiment Analysis Streamlit application
2025-04-29 23:06:59,832 - sentiment-analysis-ui - INFO - Processing text: 'great'
2025-04-29 23:07:00,569 - sentiment-analysis-ui - INFO - Prediction result: LABEL_1 with confidence 0.9781 (took 0.73s)
2025-04-29 23:07:00,572 - sentiment-analysis-ui - INFO - Displayed positive sentiment result to user
2025-04-29 23:07:07,044 - sentiment-analysis-ui - INFO - Starting Sentiment Analysis Streamlit application
2025-04-29 23:11:28,386 - sentiment-analysis-ui - INFO - Starting Sentiment Analysis Streamlit application
2025-04-29 23:11:28,395 - sentiment-analysis-ui - INFO - First run - loading model for this session
2025-04-29 23:11:28,397 - sentiment-analysis-ui - INFO - Attempting to load model sentiment-analysis@champion from MLflow Registry
2025-04-29 23:11:28,398 - sentiment-analysis-ui - INFO - MLflow tracking URI set to: http://localhost:5000
2025-04-29 23:11:37,207 - sentiment-analysis-ui - INFO - Starting Sentiment Analysis Streamlit application
2025-04-29 23:11:54,227 - sentiment-analysis-ui - INFO - Starting Sentiment Analysis Streamlit application
2025-04-29 23:11:54,244 - sentiment-analysis-ui - INFO - Starting Sentiment Analysis Streamlit application
2025-04-29 23:12:34,404 - sentiment-analysis-ui - INFO - Starting Sentiment Analysis Streamlit application
2025-04-29 23:12:34,417 - sentiment-analysis-ui - INFO - First run - loading model for this session
2025-04-29 23:12:34,419 - sentiment-analysis-ui - INFO - Attempting to load model sentiment-analysis@champion from MLflow Registry
2025-04-29 23:12:34,420 - sentiment-analysis-ui - INFO - MLflow tracking URI set to: http://localhost:5000
2025-04-29 23:12:38,317 - sentiment-analysis-ui - INFO - Starting Sentiment Analysis Streamlit application
2025-04-29 23:12:38,322 - sentiment-analysis-ui - INFO - First run - loading model for this session
2025-04-29 23:12:38,324 - sentiment-analysis-ui - INFO - Attempting to load model sentiment-analysis@champion from MLflow Registry
2025-04-29 23:12:38,325 - sentiment-analysis-ui - INFO - MLflow tracking URI set to: http://localhost:5000
2025-04-29 23:12:44,915 - sentiment-analysis-ui - ERROR - Model loading failed: Cannot copy out of meta tensor; no data! Please use torch.nn.Module.to_empty() instead of torch.nn.Module.to() when moving module from meta to a different device.
Traceback (most recent call last):
  File "D:\Python\AppDev\src\ui\app.py", line 50, in load_production_model
    model = mlflow.transformers.load_model(
            ^^^^^^^^^^^^^^^^^^^^^^^^^^^^^^^
  File "D:\Python\myvenv\Lib\site-packages\mlflow\transformers\__init__.py", line 1132, in load_model
    return _load_model(local_model_path, flavor_config, return_type, device, **kwargs)
           ^^^^^^^^^^^^^^^^^^^^^^^^^^^^^^^^^^^^^^^^^^^^^^^^^^^^^^^^^^^^^^^^^^^^^^^^^^^
  File "D:\Python\myvenv\Lib\site-packages\mlflow\transformers\__init__.py", line 1343, in _load_model
    return transformers.pipeline(**conf)
           ^^^^^^^^^^^^^^^^^^^^^^^^^^^^^
  File "D:\Python\myvenv\Lib\site-packages\transformers\pipelines\__init__.py", line 1180, in pipeline
    return pipeline_class(model=model, framework=framework, task=task, **kwargs)
           ^^^^^^^^^^^^^^^^^^^^^^^^^^^^^^^^^^^^^^^^^^^^^^^^^^^^^^^^^^^^^^^^^^^^^
  File "D:\Python\myvenv\Lib\site-packages\transformers\pipelines\text_classification.py", line 85, in __init__
    super().__init__(**kwargs)
  File "D:\Python\myvenv\Lib\site-packages\transformers\pipelines\base.py", line 996, in __init__
    self.model.to(self.device)
  File "D:\Python\myvenv\Lib\site-packages\transformers\modeling_utils.py", line 3698, in to
    return super().to(*args, **kwargs)
           ^^^^^^^^^^^^^^^^^^^^^^^^^^^
  File "D:\Python\myvenv\Lib\site-packages\torch\nn\modules\module.py", line 1173, in to
    return self._apply(convert)
           ^^^^^^^^^^^^^^^^^^^^
  File "D:\Python\myvenv\Lib\site-packages\torch\nn\modules\module.py", line 779, in _apply
    module._apply(fn)
  File "D:\Python\myvenv\Lib\site-packages\torch\nn\modules\module.py", line 779, in _apply
    module._apply(fn)
  File "D:\Python\myvenv\Lib\site-packages\torch\nn\modules\module.py", line 779, in _apply
    module._apply(fn)
  File "D:\Python\myvenv\Lib\site-packages\torch\nn\modules\module.py", line 804, in _apply
    param_applied = fn(param)
                    ^^^^^^^^^
  File "D:\Python\myvenv\Lib\site-packages\torch\nn\modules\module.py", line 1166, in convert
    raise NotImplementedError(
NotImplementedError: Cannot copy out of meta tensor; no data! Please use torch.nn.Module.to_empty() instead of torch.nn.Module.to() when moving module from meta to a different device.
2025-04-29 23:12:44,949 - sentiment-analysis-ui - WARNING - Failed to load model for session
2025-04-29 23:14:28,769 - sentiment-analysis-ui - INFO - Starting Sentiment Analysis Streamlit application
2025-04-29 23:14:28,779 - sentiment-analysis-ui - INFO - First run - loading model for this session
2025-04-29 23:14:28,779 - sentiment-analysis-ui - INFO - Attempting to load model sentiment-analysis@champion from MLflow Registry
2025-04-29 23:14:28,780 - sentiment-analysis-ui - INFO - MLflow tracking URI set to: http://localhost:5000
2025-04-29 23:14:47,211 - sentiment-analysis-ui - INFO - Starting Sentiment Analysis Streamlit application
2025-04-29 23:14:47,409 - sentiment-analysis-ui - INFO - Starting Sentiment Analysis Streamlit application
2025-04-29 23:14:47,412 - sentiment-analysis-ui - INFO - Processing text: 'great '
2025-04-29 23:14:48,502 - sentiment-analysis-ui - INFO - Prediction result: LABEL_1 with confidence 0.9781 (took 1.09s)
2025-04-29 23:14:48,510 - sentiment-analysis-ui - INFO - Displayed positive sentiment result to user
2025-04-29 23:14:57,305 - sentiment-analysis-ui - INFO - Starting Sentiment Analysis Streamlit application
2025-04-29 23:14:57,332 - sentiment-analysis-ui - INFO - Feedback saved: {'text': 'great ', 'label': 'label_0', 'feedback_text': 'its bad', 'timestamp': '2025-04-29T23:14:57.311976', 'original_prediction': 'LABEL_1', 'original_confidence': 0.9781354665756226}
2025-04-29 23:15:15,403 - sentiment-analysis-ui - INFO - Starting Sentiment Analysis Streamlit application
2025-04-29 23:15:16,817 - sentiment-analysis-ui - INFO - Starting Sentiment Analysis Streamlit application
2025-04-29 23:15:16,821 - sentiment-analysis-ui - INFO - Processing text: 'fuck'
2025-04-29 23:15:17,555 - sentiment-analysis-ui - INFO - Prediction result: LABEL_0 with confidence 0.8717 (took 0.73s)
2025-04-29 23:15:17,557 - sentiment-analysis-ui - INFO - Displayed negative sentiment result to user
2025-04-29 23:15:29,829 - sentiment-analysis-ui - INFO - Starting Sentiment Analysis Streamlit application
2025-04-29 23:15:29,841 - sentiment-analysis-ui - INFO - Feedback saved: {'text': 'fuck', 'label': 'label_1', 'feedback_text': 'lets go', 'timestamp': '2025-04-29T23:15:29.836473', 'original_prediction': 'LABEL_0', 'original_confidence': 0.8717480301856995}
2025-04-29 23:15:29,846 - sentiment-analysis-ui - INFO - Starting retraining process
2025-04-29 23:17:14,151 - sentiment-analysis-ui - INFO - Starting Sentiment Analysis Streamlit application
2025-04-29 23:17:14,159 - sentiment-analysis-ui - INFO - First run - loading model for this session
2025-04-29 23:17:14,161 - sentiment-analysis-ui - INFO - Attempting to load model sentiment-analysis@champion from MLflow Registry
2025-04-29 23:17:14,161 - sentiment-analysis-ui - INFO - MLflow tracking URI set to: http://localhost:5000
2025-04-29 23:17:22,962 - sentiment-analysis-ui - INFO - Starting Sentiment Analysis Streamlit application
2025-04-29 23:17:23,113 - sentiment-analysis-ui - INFO - Starting Sentiment Analysis Streamlit application
2025-04-29 23:17:23,115 - sentiment-analysis-ui - INFO - Processing text: 'wsdf'
2025-04-29 23:17:23,350 - sentiment-analysis-ui - INFO - Prediction result: LABEL_0 with confidence 0.6420 (took 0.23s)
2025-04-29 23:17:23,352 - sentiment-analysis-ui - INFO - Displayed negative sentiment result to user
2025-04-29 23:17:26,701 - sentiment-analysis-ui - INFO - Starting Sentiment Analysis Streamlit application
2025-04-29 23:17:26,711 - sentiment-analysis-ui - INFO - Feedback saved: {'text': 'wsdf', 'label': 'label_1', 'feedback_text': '', 'timestamp': '2025-04-29T23:17:26.705014', 'original_prediction': 'LABEL_0', 'original_confidence': 0.641983687877655}
2025-04-29 23:17:26,717 - sentiment-analysis-ui - INFO - Starting retraining process
2025-04-29 23:23:00,160 - sentiment-analysis-ui - INFO - Starting Sentiment Analysis Streamlit application
2025-04-29 23:23:00,170 - sentiment-analysis-ui - INFO - First run - loading model for this session
2025-04-29 23:23:00,171 - sentiment-analysis-ui - INFO - Attempting to load model sentiment-analysis@champion from MLflow Registry
2025-04-29 23:23:00,171 - sentiment-analysis-ui - INFO - MLflow tracking URI set to: http://localhost:5000
2025-04-29 23:23:13,622 - sentiment-analysis-ui - INFO - Starting Sentiment Analysis Streamlit application
2025-04-29 23:23:13,800 - sentiment-analysis-ui - INFO - Starting Sentiment Analysis Streamlit application
2025-04-29 23:23:13,804 - sentiment-analysis-ui - INFO - Processing text: 'helo'
2025-04-29 23:23:14,116 - sentiment-analysis-ui - INFO - Prediction result: LABEL_1 with confidence 0.5032 (took 0.31s)
2025-04-29 23:23:14,125 - sentiment-analysis-ui - INFO - Displayed positive sentiment result to user
2025-04-29 23:23:22,458 - sentiment-analysis-ui - INFO - Starting Sentiment Analysis Streamlit application
2025-04-29 23:23:22,473 - sentiment-analysis-ui - INFO - Feedback saved: {'text': 'helo', 'label': 'label_0', 'feedback_text': 'its hello', 'timestamp': '2025-04-29T23:23:22.465140', 'original_prediction': 'LABEL_1', 'original_confidence': 0.503166139125824}
2025-04-29 23:23:22,481 - sentiment-analysis-ui - INFO - Starting retraining process
2025-04-30 02:41:34,486 - sentiment-analysis-ui - INFO - Starting Sentiment Analysis Streamlit application
2025-04-30 02:41:34,496 - sentiment-analysis-ui - INFO - First run - loading model for this session
2025-04-30 02:41:34,496 - sentiment-analysis-ui - INFO - Attempting to load model sentiment-analysis@champion from MLflow Registry
2025-04-30 02:41:34,498 - sentiment-analysis-ui - INFO - MLflow tracking URI set to: http://localhost:5000
2025-04-30 02:45:26,084 - sentiment-analysis-ui - INFO - Retraining completed successfully
2025-04-30 02:45:26,086 - sentiment-analysis-ui - INFO - Attempting to load model sentiment-analysis@champion from MLflow Registry
2025-04-30 02:45:26,086 - sentiment-analysis-ui - INFO - MLflow tracking URI set to: http://localhost:5000
2025-04-30 02:46:49,745 - sentiment-analysis-ui - INFO - Starting Sentiment Analysis Streamlit application
2025-04-30 02:46:49,746 - sentiment-analysis-ui - INFO - First run - loading model for this session
2025-04-30 02:46:49,746 - sentiment-analysis-ui - INFO - Attempting to load model sentiment-analysis@champion from MLflow Registry
2025-04-30 02:46:49,746 - sentiment-analysis-ui - INFO - MLflow tracking URI set to: http://localhost:5000
2025-04-30 02:46:54,994 - sentiment-analysis-ui - INFO - Starting Sentiment Analysis Streamlit application
2025-04-30 02:46:55,198 - sentiment-analysis-ui - INFO - Starting Sentiment Analysis Streamlit application
2025-04-30 02:46:55,202 - sentiment-analysis-ui - INFO - Processing text: 'helo'
2025-04-30 02:46:55,282 - sentiment-analysis-ui - INFO - Prediction result: LABEL_1 with confidence 0.5508 (took 0.08s)
2025-04-30 02:46:55,293 - sentiment-analysis-ui - INFO - Displayed positive sentiment result to user
